<?xml version="1.0" encoding="UTF-8"?>
<testsuite xmlns:xsi="http://www.w3.org/2001/XMLSchema-instance" xsi:noNamespaceSchemaLocation="https://maven.apache.org/surefire/maven-surefire-plugin/xsd/surefire-test-report-3.0.xsd" version="3.0" name="com.example.demo.PayrollApiApplicationTests" time="5.294" tests="1" errors="0" skipped="0" failures="0">
  <properties>
[...]
</properties>
  <testcase name="contextLoads" classname="com.example.demo.PayrollApiApplicationTests" time="1.174">
    <system-out><![CDATA[14:03:19.269 [main] INFO org.springframework.test.context.support.AnnotationConfigContextLoaderUtils -- Could not detect default configuration classes for test class [com.example.demo.PayrollApiApplicationTests]: PayrollApiApplicationTests does not declare any static, non-private, non-final, nested classes annotated with @Configuration.
14:03:19.419 [main] INFO org.springframework.boot.test.context.SpringBootTestContextBootstrapper -- Found @SpringBootConfiguration com.example.demo.PayrollApiApplication for test class com.example.demo.PayrollApiApplicationTests
14:03:19.696 [main] INFO org.springframework.boot.devtools.restart.RestartApplicationListener -- Restart disabled due to context in which it is running

  .   ____          _            __ _ _
 /\\ / ___'_ __ _ _(_)_ __  __ _ \ \ \ \
( ( )\___ | '_ | '_| | '_ \/ _` | \ \ \ \
 \\/  ___)| |_)| | | | | || (_| |  ) ) ) )
  '  |____| .__|_| |_|_| |_\__, | / / / /
 =========|_|==============|___/=/_/_/_/
 :: Spring Boot ::                (v3.2.4)

2024-06-25T14:03:20.049-04:00  INFO 31124 --- [payroll-api] [           main] c.e.demo.PayrollApiApplicationTests      : Starting PayrollApiApplicationTests using Java 17.0.11 with PID 31124 (started by BrianArayathel in C:\Users\BrianArayathel\Programming\Docker\geico\WorkingPayrollAPI\payroll-api)
2024-06-25T14:03:20.054-04:00  INFO 31124 --- [payroll-api] [           main] c.e.demo.PayrollApiApplicationTests      : No active profile set, falling back to 1 default profile: "default"
2024-06-25T14:03:22.952-04:00  INFO 31124 --- [payroll-api] [           main] o.s.b.a.e.web.EndpointLinksResolver      : Exposing 1 endpoint(s) beneath base path '/actuator'
2024-06-25T14:03:23.030-04:00  INFO 31124 --- [payroll-api] [           main] c.e.demo.PayrollApiApplicationTests      : Started PayrollApiApplicationTests in 3.349 seconds (process running for 4.962)
]]></system-out>
  </testcase>
</testsuite>